<?xml version="1.0" encoding="UTF-8"?>
<!-- Generated by org.testng.reporters.JUnitReportReporter -->
<testsuite hostname="DESKTOP-AC98NTV" failures="0" tests="1" name="selinium.notepaddata" time="4.510" errors="0" timestamp="2022-09-29T12:44:47 IST" skipped="0">
  <testcase classname="selinium.notepaddata" name="veriftamzon" time="4.510"/>
  <system-out/>
</testsuite> <!-- selinium.notepaddata -->
