<?xml version="1.0" encoding="UTF-8"?>
<!-- Generated by org.testng.reporters.JUnitReportReporter -->
<testsuite hostname="DESKTOP-AC98NTV" failures="0" tests="4" name="dataprovider.ValidateLogin" time="149.499" errors="0" timestamp="2022-11-01T21:31:18 IST" skipped="0">
  <testcase classname="dataprovider.ValidateLogin" name="validateLoginTest" time="51.846"/>
  <system-out/>
  <testcase classname="dataprovider.ValidateLogin" name="validateLoginTest" time="32.538"/>
  <system-out/>
  <testcase classname="dataprovider.ValidateLogin" name="validateLoginTest" time="44.783"/>
  <system-out/>
  <testcase classname="dataprovider.ValidateLogin" name="validateLoginTest" time="20.332"/>
  <system-out/>
</testsuite> <!-- dataprovider.ValidateLogin -->
