<?xml version="1.0" encoding="UTF-8"?>
<!-- Generated by org.testng.reporters.JUnitReportReporter -->
<testsuite hostname="DESKTOP-AC98NTV" failures="0" tests="4" name="testscripts.ValidateLogin" time="98.720" errors="0" timestamp="2022-11-01T20:21:28 IST" skipped="0">
  <testcase classname="testscripts.ValidateLogin" name="validateLoginTest" time="20.987"/>
  <system-out/>
  <testcase classname="testscripts.ValidateLogin" name="validateLoginTest" time="18.766"/>
  <system-out/>
  <testcase classname="testscripts.ValidateLogin" name="validateLoginTest" time="23.458"/>
  <system-out/>
  <testcase classname="testscripts.ValidateLogin" name="validateLoginTest" time="35.509"/>
  <system-out/>
</testsuite> <!-- testscripts.ValidateLogin -->
