<?xml version="1.0" encoding="UTF-8"?>
<!-- Generated by org.testng.reporters.JUnitReportReporter -->
<testsuite hostname="DESKTOP-AC98NTV" failures="0" tests="3" name="testscripts.TestScript1" time="110.229" errors="0" timestamp="2022-11-01T21:26:34 IST" skipped="0">
  <testcase classname="testscripts.TestScript1" name="m3" time="25.828"/>
  <system-out/>
  <testcase classname="testscripts.TestScript1" name="m1" time="59.438"/>
  <system-out/>
  <testcase classname="testscripts.TestScript1" name="m2" time="24.963"/>
  <system-out/>
</testsuite> <!-- testscripts.TestScript1 -->
