<?xml version="1.0" encoding="UTF-8"?>
<!-- Generated by org.testng.reporters.JUnitReportReporter -->
<testsuite hostname="DESKTOP-AC98NTV" failures="0" tests="1" name="selinium.exceldata" time="18.541" errors="0" timestamp="2022-09-30T10:57:13 IST" skipped="0">
  <testcase classname="selinium.exceldata" name="login" time="18.541"/>
  <system-out/>
</testsuite> <!-- selinium.exceldata -->
