<?xml version="1.0" encoding="UTF-8"?>
<!-- Generated by org.testng.reporters.JUnitReportReporter -->
<testsuite hostname="DESKTOP-AC98NTV" failures="0" tests="1" name="TestNg.ScreenShots" time="19.924" errors="0" timestamp="2022-11-03T21:08:08 IST" skipped="0">
  <testcase classname="TestNg.ScreenShots" name="screenshots" time="19.924"/>
  <system-out/>
</testsuite> <!-- TestNg.ScreenShots -->
