<?xml version="1.0" encoding="UTF-8"?>
<!-- Generated by org.testng.reporters.JUnitReportReporter -->
<testsuite hostname="DESKTOP-AC98NTV" failures="0" tests="3" name="testscripts.TestScript2" time="117.071" errors="0" timestamp="2022-11-01T21:26:34 IST" skipped="0">
  <testcase classname="testscripts.TestScript2" name="m4" time="32.614"/>
  <system-out/>
  <testcase classname="testscripts.TestScript2" name="m5" time="47.655"/>
  <system-out/>
  <testcase classname="testscripts.TestScript2" name="m6" time="36.802"/>
  <system-out/>
</testsuite> <!-- testscripts.TestScript2 -->
