<?xml version="1.0" encoding="UTF-8"?>
<!-- Generated by org.testng.reporters.JUnitReportReporter -->
<testsuite hostname="DESKTOP-AC98NTV" failures="0" tests="4" name="dataprovider.ValidateLogin2" time="64.654" errors="0" timestamp="2022-11-03T11:36:43 IST" skipped="0">
  <testcase classname="dataprovider.ValidateLogin2" name="validateLoginTest" time="14.821"/>
  <system-out/>
  <testcase classname="dataprovider.ValidateLogin2" name="validateLoginTest" time="13.897"/>
  <system-out/>
  <testcase classname="dataprovider.ValidateLogin2" name="validateLoginTest" time="17.930"/>
  <system-out/>
  <testcase classname="dataprovider.ValidateLogin2" name="validateLoginTest" time="18.006"/>
  <system-out/>
</testsuite> <!-- dataprovider.ValidateLogin2 -->
