<?xml version="1.0" encoding="UTF-8"?>
<!-- Generated by org.testng.reporters.JUnitReportReporter -->
<testsuite hostname="DESKTOP-AC98NTV" failures="0" tests="4" name="dataprovider.ValidateLogin3" time="88.924" errors="0" timestamp="2022-11-02T20:25:36 IST" skipped="0">
  <testcase classname="dataprovider.ValidateLogin3" name="validateLoginTest" time="20.477"/>
  <system-out/>
  <testcase classname="dataprovider.ValidateLogin3" name="validateLoginTest" time="13.005"/>
  <system-out/>
  <testcase classname="dataprovider.ValidateLogin3" name="validateLoginTest" time="33.337"/>
  <system-out/>
  <testcase classname="dataprovider.ValidateLogin3" name="validateLoginTest" time="22.105"/>
  <system-out/>
</testsuite> <!-- dataprovider.ValidateLogin3 -->
